<?xml version="1.0" encoding="UTF-8" ?>
<testsuite tests="1" failures="0" name="example.CourseTest" time="8.241" errors="1" skipped="0">
  <properties>
    <property name="java.runtime.name" value="Java(TM) SE Runtime Environment"/>
    <property name="sun.boot.library.path" value="/Library/Java/JavaVirtualMachines/jdk1.8.0_202.jdk/Contents/Home/jre/lib"/>
    <property name="java.vm.version" value="25.202-b08"/>
    <property name="user.country.format" value="ES"/>
    <property name="gopherProxySet" value="false"/>
    <property name="java.vm.vendor" value="Oracle Corporation"/>
    <property name="maven.multiModuleProjectDirectory" value="/Users/alex/dev/lernt/playground/neo4j-procedures"/>
    <property name="java.vendor.url" value="http://java.oracle.com/"/>
    <property name="path.separator" value=":"/>
    <property name="guice.disable.misplaced.annotation.check" value="true"/>
    <property name="java.vm.name" value="Java HotSpot(TM) 64-Bit Server VM"/>
    <property name="file.encoding.pkg" value="sun.io"/>
    <property name="user.country" value="US"/>
    <property name="sun.java.launcher" value="SUN_STANDARD"/>
    <property name="sun.os.patch.level" value="unknown"/>
    <property name="test" value="CourseTest"/>
    <property name="java.vm.specification.name" value="Java Virtual Machine Specification"/>
    <property name="user.dir" value="/Users/alex/dev/lernt/playground/neo4j-procedures"/>
    <property name="java.runtime.version" value="1.8.0_202-b08"/>
    <property name="java.awt.graphicsenv" value="sun.awt.CGraphicsEnvironment"/>
    <property name="java.endorsed.dirs" value="/Library/Java/JavaVirtualMachines/jdk1.8.0_202.jdk/Contents/Home/jre/lib/endorsed"/>
    <property name="os.arch" value="x86_64"/>
    <property name="java.io.tmpdir" value="/var/folders/z1/bnmpv0911y160vcgnj6g2_pm0000gn/T/"/>
    <property name="line.separator" value="
"/>
    <property name="java.vm.specification.vendor" value="Oracle Corporation"/>
    <property name="os.name" value="Mac OS X"/>
    <property name="classworlds.conf" value="/usr/local/Cellar/maven/3.5.4/libexec/bin/m2.conf"/>
    <property name="sun.jnu.encoding" value="UTF-8"/>
    <property name="java.library.path" value="/Users/alex/Library/Java/Extensions:/Library/Java/Extensions:/Network/Library/Java/Extensions:/System/Library/Java/Extensions:/usr/lib/java:."/>
    <property name="maven.conf" value="/usr/local/Cellar/maven/3.5.4/libexec/conf"/>
    <property name="java.specification.name" value="Java Platform API Specification"/>
    <property name="java.class.version" value="52.0"/>
    <property name="sun.management.compiler" value="HotSpot 64-Bit Tiered Compilers"/>
    <property name="os.version" value="10.13.5"/>
    <property name="http.nonProxyHosts" value="local|*.local|169.254/16|*.169.254/16"/>
    <property name="library.jansi.path" value="/usr/local/Cellar/maven/3.5.4/libexec/lib/jansi-native"/>
    <property name="user.home" value="/Users/alex"/>
    <property name="user.timezone" value="Europe/Madrid"/>
    <property name="java.awt.printerjob" value="sun.lwawt.macosx.CPrinterJob"/>
    <property name="java.specification.version" value="1.8"/>
    <property name="file.encoding" value="UTF-8"/>
    <property name="user.name" value="alex"/>
    <property name="java.class.path" value="/usr/local/Cellar/maven/3.5.4/libexec/boot/plexus-classworlds-2.5.2.jar"/>
    <property name="java.vm.specification.version" value="1.8"/>
    <property name="sun.arch.data.model" value="64"/>
    <property name="java.home" value="/Library/Java/JavaVirtualMachines/jdk1.8.0_202.jdk/Contents/Home/jre"/>
    <property name="sun.java.command" value="org.codehaus.plexus.classworlds.launcher.Launcher -Dtest=CourseTest test"/>
    <property name="java.specification.vendor" value="Oracle Corporation"/>
    <property name="user.language" value="en"/>
    <property name="awt.toolkit" value="sun.lwawt.macosx.LWCToolkit"/>
    <property name="java.vm.info" value="mixed mode"/>
    <property name="java.version" value="1.8.0_202"/>
    <property name="java.ext.dirs" value="/Users/alex/Library/Java/Extensions:/Library/Java/JavaVirtualMachines/jdk1.8.0_202.jdk/Contents/Home/jre/lib/ext:/Library/Java/Extensions:/Network/Library/Java/Extensions:/System/Library/Java/Extensions:/usr/lib/java"/>
    <property name="sun.boot.class.path" value="/Library/Java/JavaVirtualMachines/jdk1.8.0_202.jdk/Contents/Home/jre/lib/resources.jar:/Library/Java/JavaVirtualMachines/jdk1.8.0_202.jdk/Contents/Home/jre/lib/rt.jar:/Library/Java/JavaVirtualMachines/jdk1.8.0_202.jdk/Contents/Home/jre/lib/sunrsasign.jar:/Library/Java/JavaVirtualMachines/jdk1.8.0_202.jdk/Contents/Home/jre/lib/jsse.jar:/Library/Java/JavaVirtualMachines/jdk1.8.0_202.jdk/Contents/Home/jre/lib/jce.jar:/Library/Java/JavaVirtualMachines/jdk1.8.0_202.jdk/Contents/Home/jre/lib/charsets.jar:/Library/Java/JavaVirtualMachines/jdk1.8.0_202.jdk/Contents/Home/jre/lib/jfr.jar:/Library/Java/JavaVirtualMachines/jdk1.8.0_202.jdk/Contents/Home/jre/classes"/>
    <property name="java.vendor" value="Oracle Corporation"/>
    <property name="maven.home" value="/usr/local/Cellar/maven/3.5.4/libexec"/>
    <property name="file.separator" value="/"/>
    <property name="java.vendor.url.bug" value="http://bugreport.sun.com/bugreport/"/>
    <property name="sun.cpu.endian" value="little"/>
    <property name="sun.io.unicode.encoding" value="UnicodeBig"/>
    <property name="socksNonProxyHosts" value="local|*.local|169.254/16|*.169.254/16"/>
    <property name="ftp.nonProxyHosts" value="local|*.local|169.254/16|*.169.254/16"/>
    <property name="sun.cpu.isalist" value=""/>
  </properties>
  <testcase classname="example.CourseTest" name="shouldReturnSingleNode" time="8.241">
    <error message="Cannot retrieve a single record, because this result is empty." type="org.neo4j.driver.v1.exceptions.NoSuchRecordException">org.neo4j.driver.v1.exceptions.NoSuchRecordException: Cannot retrieve a single record, because this result is empty.
	at org.neo4j.driver.internal.util.Futures.blockingGet(Futures.java:122)
	at org.neo4j.driver.internal.InternalStatementResult.blockingGet(InternalStatementResult.java:134)
	at org.neo4j.driver.internal.InternalStatementResult.single(InternalStatementResult.java:81)
	at example.CourseTest.shouldReturnSingleNode(CourseTest.java:33)
	at sun.reflect.NativeMethodAccessorImpl.invoke0(Native Method)
	at sun.reflect.NativeMethodAccessorImpl.invoke(NativeMethodAccessorImpl.java:62)
	at sun.reflect.DelegatingMethodAccessorImpl.invoke(DelegatingMethodAccessorImpl.java:43)
	at java.lang.reflect.Method.invoke(Method.java:498)
	at org.junit.runners.model.FrameworkMethod$1.runReflectiveCall(FrameworkMethod.java:50)
	at org.junit.internal.runners.model.ReflectiveCallable.run(ReflectiveCallable.java:12)
	at org.junit.runners.model.FrameworkMethod.invokeExplosively(FrameworkMethod.java:47)
	at org.junit.internal.runners.statements.InvokeMethod.evaluate(InvokeMethod.java:17)
	at org.neo4j.harness.junit.Neo4jRule$1.evaluate(Neo4jRule.java:79)
	at org.junit.rules.RunRules.evaluate(RunRules.java:20)
	at org.junit.runners.ParentRunner.runLeaf(ParentRunner.java:325)
	at org.junit.runners.BlockJUnit4ClassRunner.runChild(BlockJUnit4ClassRunner.java:78)
	at org.junit.runners.BlockJUnit4ClassRunner.runChild(BlockJUnit4ClassRunner.java:57)
	at org.junit.runners.ParentRunner$3.run(ParentRunner.java:290)
	at org.junit.runners.ParentRunner$1.schedule(ParentRunner.java:71)
	at org.junit.runners.ParentRunner.runChildren(ParentRunner.java:288)
	at org.junit.runners.ParentRunner.access$000(ParentRunner.java:58)
	at org.junit.runners.ParentRunner$2.evaluate(ParentRunner.java:268)
	at org.junit.runners.ParentRunner.run(ParentRunner.java:363)
	at org.apache.maven.surefire.junit4.JUnit4Provider.execute(JUnit4Provider.java:252)
	at org.apache.maven.surefire.junit4.JUnit4Provider.executeTestSet(JUnit4Provider.java:141)
	at org.apache.maven.surefire.junit4.JUnit4Provider.invoke(JUnit4Provider.java:112)
	at sun.reflect.NativeMethodAccessorImpl.invoke0(Native Method)
	at sun.reflect.NativeMethodAccessorImpl.invoke(NativeMethodAccessorImpl.java:62)
	at sun.reflect.DelegatingMethodAccessorImpl.invoke(DelegatingMethodAccessorImpl.java:43)
	at java.lang.reflect.Method.invoke(Method.java:498)
	at org.apache.maven.surefire.util.ReflectionUtils.invokeMethodWithArray(ReflectionUtils.java:189)
	at org.apache.maven.surefire.booter.ProviderFactory$ProviderProxy.invoke(ProviderFactory.java:165)
	at org.apache.maven.surefire.booter.ProviderFactory.invokeProvider(ProviderFactory.java:85)
	at org.apache.maven.surefire.booter.ForkedBooter.runSuitesInProcess(ForkedBooter.java:115)
	at org.apache.maven.surefire.booter.ForkedBooter.main(ForkedBooter.java:75)
	Suppressed: org.neo4j.driver.internal.util.ErrorUtil$InternalExceptionCause
		at org.neo4j.driver.internal.InternalStatementResultCursor.lambda$singleAsync$1(InternalStatementResultCursor.java:78)
		at java.util.concurrent.CompletableFuture.uniCompose(CompletableFuture.java:952)
		at java.util.concurrent.CompletableFuture$UniCompose.tryFire(CompletableFuture.java:926)
		at java.util.concurrent.CompletableFuture.postComplete(CompletableFuture.java:474)
		at java.util.concurrent.CompletableFuture.complete(CompletableFuture.java:1962)
		at org.neo4j.driver.internal.handlers.PullAllResponseHandler.completeRecordFuture(PullAllResponseHandler.java:304)
		at org.neo4j.driver.internal.handlers.PullAllResponseHandler.onSuccess(PullAllResponseHandler.java:87)
		at org.neo4j.driver.internal.async.inbound.InboundMessageDispatcher.handleSuccessMessage(InboundMessageDispatcher.java:81)
		at org.neo4j.driver.internal.messaging.v1.MessageReaderV1.unpackSuccessMessage(MessageReaderV1.java:75)
		at org.neo4j.driver.internal.messaging.v1.MessageReaderV1.read(MessageReaderV1.java:56)
		at org.neo4j.driver.internal.async.inbound.InboundMessageHandler.channelRead0(InboundMessageHandler.java:83)
		at org.neo4j.driver.internal.async.inbound.InboundMessageHandler.channelRead0(InboundMessageHandler.java:35)
		at org.neo4j.driver.internal.shaded.io.netty.channel.SimpleChannelInboundHandler.channelRead(SimpleChannelInboundHandler.java:105)
		at org.neo4j.driver.internal.shaded.io.netty.channel.AbstractChannelHandlerContext.invokeChannelRead(AbstractChannelHandlerContext.java:362)
		at org.neo4j.driver.internal.shaded.io.netty.channel.AbstractChannelHandlerContext.invokeChannelRead(AbstractChannelHandlerContext.java:348)
		at org.neo4j.driver.internal.shaded.io.netty.channel.AbstractChannelHandlerContext.fireChannelRead(AbstractChannelHandlerContext.java:340)
		at org.neo4j.driver.internal.shaded.io.netty.handler.codec.ByteToMessageDecoder.fireChannelRead(ByteToMessageDecoder.java:310)
		at org.neo4j.driver.internal.shaded.io.netty.handler.codec.ByteToMessageDecoder.channelRead(ByteToMessageDecoder.java:284)
		at org.neo4j.driver.internal.async.inbound.MessageDecoder.channelRead(MessageDecoder.java:47)
		at org.neo4j.driver.internal.shaded.io.netty.channel.AbstractChannelHandlerContext.invokeChannelRead(AbstractChannelHandlerContext.java:362)
		at org.neo4j.driver.internal.shaded.io.netty.channel.AbstractChannelHandlerContext.invokeChannelRead(AbstractChannelHandlerContext.java:348)
		at org.neo4j.driver.internal.shaded.io.netty.channel.AbstractChannelHandlerContext.fireChannelRead(AbstractChannelHandlerContext.java:340)
		at org.neo4j.driver.internal.shaded.io.netty.handler.codec.ByteToMessageDecoder.fireChannelRead(ByteToMessageDecoder.java:310)
		at org.neo4j.driver.internal.shaded.io.netty.handler.codec.ByteToMessageDecoder.channelRead(ByteToMessageDecoder.java:284)
		at org.neo4j.driver.internal.shaded.io.netty.channel.AbstractChannelHandlerContext.invokeChannelRead(AbstractChannelHandlerContext.java:362)
		at org.neo4j.driver.internal.shaded.io.netty.channel.AbstractChannelHandlerContext.invokeChannelRead(AbstractChannelHandlerContext.java:348)
		at org.neo4j.driver.internal.shaded.io.netty.channel.AbstractChannelHandlerContext.fireChannelRead(AbstractChannelHandlerContext.java:340)
		at org.neo4j.driver.internal.shaded.io.netty.channel.DefaultChannelPipeline$HeadContext.channelRead(DefaultChannelPipeline.java:1414)
		at org.neo4j.driver.internal.shaded.io.netty.channel.AbstractChannelHandlerContext.invokeChannelRead(AbstractChannelHandlerContext.java:362)
		at org.neo4j.driver.internal.shaded.io.netty.channel.AbstractChannelHandlerContext.invokeChannelRead(AbstractChannelHandlerContext.java:348)
		at org.neo4j.driver.internal.shaded.io.netty.channel.DefaultChannelPipeline.fireChannelRead(DefaultChannelPipeline.java:945)
		at org.neo4j.driver.internal.shaded.io.netty.channel.nio.AbstractNioByteChannel$NioByteUnsafe.read(AbstractNioByteChannel.java:146)
		at org.neo4j.driver.internal.shaded.io.netty.channel.nio.NioEventLoop.processSelectedKey(NioEventLoop.java:645)
		at org.neo4j.driver.internal.shaded.io.netty.channel.nio.NioEventLoop.processSelectedKeysOptimized(NioEventLoop.java:580)
		at org.neo4j.driver.internal.shaded.io.netty.channel.nio.NioEventLoop.processSelectedKeys(NioEventLoop.java:497)
		at org.neo4j.driver.internal.shaded.io.netty.channel.nio.NioEventLoop.run(NioEventLoop.java:459)
		at org.neo4j.driver.internal.shaded.io.netty.util.concurrent.SingleThreadEventExecutor$5.run(SingleThreadEventExecutor.java:886)
		at org.neo4j.driver.internal.shaded.io.netty.util.concurrent.FastThreadLocalRunnable.run(FastThreadLocalRunnable.java:30)
		at java.lang.Thread.run(Thread.java:748)
</error>
    <system-err>Mar 22, 2019 6:41:07 PM com.sun.jersey.server.impl.application.WebApplicationImpl _initiate
INFO: Initiating Jersey application, version &apos;Jersey: 1.19.3 10/24/2016 03:43 PM&apos;
Mar 22, 2019 6:41:07 PM com.sun.jersey.server.impl.application.WebApplicationImpl _initiate
INFO: Initiating Jersey application, version &apos;Jersey: 1.19.3 10/24/2016 03:43 PM&apos;
Mar 22, 2019 6:41:07 PM com.sun.jersey.server.impl.application.WebApplicationImpl _initiate
INFO: Initiating Jersey application, version &apos;Jersey: 1.19.3 10/24/2016 03:43 PM&apos;
Mar 22, 2019 6:41:08 PM org.neo4j.driver.internal.logging.JULogger info
INFO: Direct driver instance 425033914 created for server address 127.0.0.1:63284
Mar 22, 2019 6:41:09 PM org.neo4j.driver.internal.logging.JULogger info
INFO: Closing driver instance 425033914
Mar 22, 2019 6:41:09 PM org.neo4j.driver.internal.logging.JULogger info
INFO: Closing connection pool towards 127.0.0.1:63284
</system-err>
  </testcase>
</testsuite>